2024-07-02 21:07:839 INFO  CustomersPage :42 - click on  customer login[[ChromeDriver: chrome on windows (56c66687a795e9fa43f14aae5a989058)] -> xpath: //button[contains(text(),'Customer Login')]]
2024-07-02 21:07:306 INFO  CustomersPage :47 - select customer harry potter[[ChromeDriver: chrome on windows (56c66687a795e9fa43f14aae5a989058)] -> id: userSelect]
2024-07-02 21:07:451 INFO  CustomersPage :53 - click on login button[[ChromeDriver: chrome on windows (56c66687a795e9fa43f14aae5a989058)] -> xpath: //button[contains(text(),'Login')]]
2024-07-02 21:07:976 INFO  CustomersPage :126 - click on withdrawl[[ChromeDriver: chrome on windows (56c66687a795e9fa43f14aae5a989058)] -> xpath: //button[normalize-space()='Withdrawl']]
2024-07-02 21:07:539 INFO  CustomersPage :137 - enter amount £50[[ChromeDriver: chrome on windows (56c66687a795e9fa43f14aae5a989058)] -> xpath: //input[@placeholder='amount']]
2024-07-02 21:07:615 INFO  CustomersPage :148 - click on withdrawl[[ChromeDriver: chrome on windows (56c66687a795e9fa43f14aae5a989058)] -> xpath: //button[normalize-space()='Withdraw']]
2024-07-02 21:07:642 INFO  CustomersPage :157 - verify transaction successfully[[ChromeDriver: chrome on windows (56c66687a795e9fa43f14aae5a989058)] -> xpath: //span[@class='error ng-binding']]
2024-07-02 21:07:562 INFO  HomePage :26 - click on bank manager login[[ChromeDriver: chrome on windows (c90eeb8d330316811a52b6c3a4cc5cee)] -> xpath: //button[normalize-space()='Bank Manager Login']]
2024-07-02 21:07:73 INFO  AddCustomerPage :34 - click on open account[[ChromeDriver: chrome on windows (c90eeb8d330316811a52b6c3a4cc5cee)] -> xpath: //button[normalize-space()='Open Account']]
2024-07-02 21:07:591 INFO  CustomersPage :42 - click on  customer login[[ChromeDriver: chrome on windows (3e8e305f037d57e76a4e74b16645a99f)] -> xpath: //button[contains(text(),'Customer Login')]]
2024-07-02 21:07:197 INFO  CustomersPage :47 - select customer harry potter[[ChromeDriver: chrome on windows (3e8e305f037d57e76a4e74b16645a99f)] -> id: userSelect]
2024-07-02 21:07:274 INFO  CustomersPage :53 - click on login button[[ChromeDriver: chrome on windows (3e8e305f037d57e76a4e74b16645a99f)] -> xpath: //button[contains(text(),'Login')]]
2024-07-02 21:07:859 INFO  CustomersPage :83 - click on deposit button[[ChromeDriver: chrome on windows (3e8e305f037d57e76a4e74b16645a99f)] -> xpath: //button[normalize-space()='Deposit']]
2024-07-02 21:07:402 INFO  CustomersPage :94 - enter amount 100[[ChromeDriver: chrome on windows (3e8e305f037d57e76a4e74b16645a99f)] -> xpath: //input[@placeholder='amount']]
2024-07-02 21:07:457 INFO  CustomersPage :104 - click on deposit after entering the £100 [[ChromeDriver: chrome on windows (3e8e305f037d57e76a4e74b16645a99f)] -> xpath: //button[@type='submit']]
2024-07-02 21:07:477 INFO  CustomersPage :112 - verify deposit successfully[[ChromeDriver: chrome on windows (3e8e305f037d57e76a4e74b16645a99f)] -> xpath:  //span[@class='error ng-binding']]
2024-07-02 21:07:303 INFO  HomePage :26 - click on bank manager login[[ChromeDriver: chrome on windows (37544e71bc89af53ab0dd818af4f1026)] -> xpath: //button[normalize-space()='Bank Manager Login']]
2024-07-02 21:07:719 INFO  AddCustomerPage :41 - click on add customer[[ChromeDriver: chrome on windows (37544e71bc89af53ab0dd818af4f1026)] -> xpath: //button[normalize-space()='Add Customer']]
2024-07-02 21:07:357 INFO  AddCustomerPage :46 - enter first name[[ChromeDriver: chrome on windows (37544e71bc89af53ab0dd818af4f1026)] -> xpath: //input[@placeholder='First Name']]
2024-07-02 21:07:476 INFO  AddCustomerPage :51 - enter last name[[ChromeDriver: chrome on windows (37544e71bc89af53ab0dd818af4f1026)] -> xpath: //input[@placeholder='Last Name']]
2024-07-02 21:07:605 INFO  AddCustomerPage :56 - enter post code[[ChromeDriver: chrome on windows (37544e71bc89af53ab0dd818af4f1026)] -> xpath: //input[@placeholder='Post Code']]
2024-07-02 21:07:690 INFO  AddCustomerPage :61 - click on add customer button[[ChromeDriver: chrome on windows (37544e71bc89af53ab0dd818af4f1026)] -> xpath: //button[@type='submit']]
2024-07-02 21:07:435 INFO  HomePage :26 - click on bank manager login[[ChromeDriver: chrome on windows (bd35cdd36f7c08c87a10384c183d8a2e)] -> xpath: //button[normalize-space()='Bank Manager Login']]
2024-07-02 21:07:966 INFO  AddCustomerPage :34 - click on open account[[ChromeDriver: chrome on windows (bd35cdd36f7c08c87a10384c183d8a2e)] -> xpath: //button[normalize-space()='Open Account']]
2024-07-02 22:07:246 INFO  HomePage :26 - click on bank manager login[[ChromeDriver: chrome on windows (72d6d84092a8e85e4b48c351e0558bc0)] -> xpath: //button[normalize-space()='Bank Manager Login']]
2024-07-02 22:07:744 INFO  AddCustomerPage :41 - click on add customer[[ChromeDriver: chrome on windows (72d6d84092a8e85e4b48c351e0558bc0)] -> xpath: //button[normalize-space()='Add Customer']]
2024-07-02 22:07:320 INFO  AddCustomerPage :46 - enter first name[[ChromeDriver: chrome on windows (72d6d84092a8e85e4b48c351e0558bc0)] -> xpath: //input[@placeholder='First Name']]
2024-07-02 22:07:429 INFO  AddCustomerPage :51 - enter last name[[ChromeDriver: chrome on windows (72d6d84092a8e85e4b48c351e0558bc0)] -> xpath: //input[@placeholder='Last Name']]
2024-07-02 22:07:533 INFO  AddCustomerPage :56 - enter post code[[ChromeDriver: chrome on windows (72d6d84092a8e85e4b48c351e0558bc0)] -> xpath: //input[@placeholder='Post Code']]
2024-07-02 22:07:609 INFO  AddCustomerPage :61 - click on add customer button[[ChromeDriver: chrome on windows (72d6d84092a8e85e4b48c351e0558bc0)] -> xpath: //button[@type='submit']]
2024-07-02 22:07:456 INFO  HomePage :26 - click on bank manager login[[ChromeDriver: chrome on windows (5b0752bd8c19f9d23acbf3fc10156441)] -> xpath: //button[normalize-space()='Bank Manager Login']]
2024-07-02 22:07:962 INFO  AddCustomerPage :41 - click on add customer[[ChromeDriver: chrome on windows (5b0752bd8c19f9d23acbf3fc10156441)] -> xpath: //button[normalize-space()='Add Customer']]
2024-07-02 22:07:529 INFO  AddCustomerPage :46 - enter first name[[ChromeDriver: chrome on windows (5b0752bd8c19f9d23acbf3fc10156441)] -> xpath: //input[@placeholder='First Name']]
2024-07-02 22:07:637 INFO  AddCustomerPage :51 - enter last name[[ChromeDriver: chrome on windows (5b0752bd8c19f9d23acbf3fc10156441)] -> xpath: //input[@placeholder='Last Name']]
2024-07-02 22:07:735 INFO  AddCustomerPage :56 - enter post code[[ChromeDriver: chrome on windows (5b0752bd8c19f9d23acbf3fc10156441)] -> xpath: //input[@placeholder='Post Code']]
2024-07-02 22:07:795 INFO  AddCustomerPage :61 - click on add customer button[[ChromeDriver: chrome on windows (5b0752bd8c19f9d23acbf3fc10156441)] -> xpath: //button[@type='submit']]
2024-07-02 22:07:557 INFO  HomePage :26 - click on bank manager login[[ChromeDriver: chrome on windows (40fd9ae1cee11a33a09844156c93f68c)] -> xpath: //button[normalize-space()='Bank Manager Login']]
2024-07-02 22:07:63 INFO  AddCustomerPage :41 - click on add customer[[ChromeDriver: chrome on windows (40fd9ae1cee11a33a09844156c93f68c)] -> xpath: //button[normalize-space()='Add Customer']]
2024-07-02 22:07:650 INFO  AddCustomerPage :46 - enter first name[[ChromeDriver: chrome on windows (40fd9ae1cee11a33a09844156c93f68c)] -> xpath: //input[@placeholder='First Name']]
2024-07-02 22:07:764 INFO  AddCustomerPage :51 - enter last name[[ChromeDriver: chrome on windows (40fd9ae1cee11a33a09844156c93f68c)] -> xpath: //input[@placeholder='Last Name']]
2024-07-02 22:07:867 INFO  AddCustomerPage :56 - enter post code[[ChromeDriver: chrome on windows (40fd9ae1cee11a33a09844156c93f68c)] -> xpath: //input[@placeholder='Post Code']]
2024-07-02 22:07:937 INFO  AddCustomerPage :61 - click on add customer button[[ChromeDriver: chrome on windows (40fd9ae1cee11a33a09844156c93f68c)] -> xpath: //body/div[1]/div[1]/div[2]/div[1]/div[2]/div[1]/div[1]/form[1]/button[1]]
2024-07-02 22:07:874 INFO  CustomersPage :42 - click on  customer login[[ChromeDriver: chrome on windows (aad7153bb4393aca30670b1db4d33113)] -> xpath: //button[contains(text(),'Customer Login')]]
2024-07-02 22:07:470 INFO  CustomersPage :47 - select customer harry potter[[ChromeDriver: chrome on windows (aad7153bb4393aca30670b1db4d33113)] -> id: userSelect]
2024-07-02 22:07:542 INFO  CustomersPage :53 - click on login button[[ChromeDriver: chrome on windows (aad7153bb4393aca30670b1db4d33113)] -> xpath: //button[contains(text(),'Login')]]
2024-07-02 22:07:73 INFO  CustomersPage :83 - click on deposit button[[ChromeDriver: chrome on windows (aad7153bb4393aca30670b1db4d33113)] -> xpath: //button[normalize-space()='Deposit']]
2024-07-02 22:07:634 INFO  CustomersPage :94 - enter amount 100[[ChromeDriver: chrome on windows (aad7153bb4393aca30670b1db4d33113)] -> xpath: //input[@placeholder='amount']]
2024-07-02 22:07:721 INFO  CustomersPage :104 - click on deposit after entering the £100 [[ChromeDriver: chrome on windows (aad7153bb4393aca30670b1db4d33113)] -> xpath: //button[@type='submit']]
2024-07-02 22:07:743 INFO  CustomersPage :112 - verify deposit successfully[[ChromeDriver: chrome on windows (aad7153bb4393aca30670b1db4d33113)] -> xpath:  //span[@class='error ng-binding']]
2024-07-02 22:07:870 INFO  CustomersPage :42 - click on  customer login[[ChromeDriver: chrome on windows (36e0a433612d12e29c6097ce048bd4eb)] -> xpath: //button[contains(text(),'Customer Login')]]
2024-07-02 22:07:490 INFO  CustomersPage :47 - select customer harry potter[[ChromeDriver: chrome on windows (36e0a433612d12e29c6097ce048bd4eb)] -> id: userSelect]
2024-07-02 22:07:572 INFO  CustomersPage :53 - click on login button[[ChromeDriver: chrome on windows (36e0a433612d12e29c6097ce048bd4eb)] -> xpath: //button[contains(text(),'Login')]]
2024-07-02 22:07:933 INFO  CustomersPage :126 - click on withdrawl[[ChromeDriver: chrome on windows (36e0a433612d12e29c6097ce048bd4eb)] -> xpath: //button[normalize-space()='Withdrawl']]
2024-07-02 22:07:520 INFO  CustomersPage :137 - enter amount £50[[ChromeDriver: chrome on windows (36e0a433612d12e29c6097ce048bd4eb)] -> xpath: //input[@placeholder='amount']]
2024-07-02 22:07:588 INFO  CustomersPage :148 - click on withdrawl[[ChromeDriver: chrome on windows (36e0a433612d12e29c6097ce048bd4eb)] -> xpath: //button[normalize-space()='Withdraw']]
2024-07-02 22:07:610 INFO  CustomersPage :157 - verify transaction successfully[[ChromeDriver: chrome on windows (36e0a433612d12e29c6097ce048bd4eb)] -> xpath: //span[@class='error ng-binding']]
2024-07-02 22:07:351 INFO  HomePage :26 - click on bank manager login[[ChromeDriver: chrome on windows (265b57c7beb681a1c7cdac306e1ee3aa)] -> xpath: //button[normalize-space()='Bank Manager Login']]
2024-07-02 22:07:897 INFO  AddCustomerPage :34 - click on open account[[ChromeDriver: chrome on windows (265b57c7beb681a1c7cdac306e1ee3aa)] -> xpath: //button[normalize-space()='Open Account']]
2024-07-02 22:07:356 INFO  HomePage :26 - click on bank manager login[[ChromeDriver: chrome on windows (ca63d18a3e2f70294568a3db1b0b5847)] -> xpath: //button[normalize-space()='Bank Manager Login']]
2024-07-02 22:07:870 INFO  AddCustomerPage :41 - click on add customer[[ChromeDriver: chrome on windows (ca63d18a3e2f70294568a3db1b0b5847)] -> xpath: //button[normalize-space()='Add Customer']]
2024-07-02 22:07:463 INFO  AddCustomerPage :46 - enter first name[[ChromeDriver: chrome on windows (ca63d18a3e2f70294568a3db1b0b5847)] -> xpath: //input[@placeholder='First Name']]
2024-07-02 22:07:588 INFO  AddCustomerPage :51 - enter last name[[ChromeDriver: chrome on windows (ca63d18a3e2f70294568a3db1b0b5847)] -> xpath: //input[@placeholder='Last Name']]
2024-07-02 22:07:696 INFO  AddCustomerPage :56 - enter post code[[ChromeDriver: chrome on windows (ca63d18a3e2f70294568a3db1b0b5847)] -> xpath: //input[@placeholder='Post Code']]
2024-07-02 22:07:759 INFO  AddCustomerPage :61 - click on add customer button[[ChromeDriver: chrome on windows (ca63d18a3e2f70294568a3db1b0b5847)] -> xpath: //body/div[1]/div[1]/div[2]/div[1]/div[2]/div[1]/div[1]/form[1]/button[1]]
2024-07-02 22:07:666 INFO  HomePage :26 - click on bank manager login[[ChromeDriver: chrome on windows (744b386f1c0bc1932760217d9a86a080)] -> xpath: //button[normalize-space()='Bank Manager Login']]
2024-07-02 22:07:187 INFO  AddCustomerPage :41 - click on add customer[[ChromeDriver: chrome on windows (744b386f1c0bc1932760217d9a86a080)] -> xpath: //button[normalize-space()='Add Customer']]
2024-07-02 22:07:592 INFO  AddCustomerPage :46 - enter first name[[ChromeDriver: chrome on windows (744b386f1c0bc1932760217d9a86a080)] -> xpath: //input[@placeholder='First Name']]
2024-07-02 22:07:696 INFO  AddCustomerPage :51 - enter last name[[ChromeDriver: chrome on windows (744b386f1c0bc1932760217d9a86a080)] -> xpath: //input[@placeholder='Last Name']]
2024-07-02 22:07:777 INFO  AddCustomerPage :56 - enter post code[[ChromeDriver: chrome on windows (744b386f1c0bc1932760217d9a86a080)] -> xpath: //input[@placeholder='Post Code']]
2024-07-02 22:07:833 INFO  AddCustomerPage :61 - click on add customer button[[ChromeDriver: chrome on windows (744b386f1c0bc1932760217d9a86a080)] -> xpath: //body/div[1]/div[1]/div[2]/div[1]/div[2]/div[1]/div[1]/form[1]/button[1]]
2024-07-02 22:07:502 INFO  HomePage :26 - click on bank manager login[[ChromeDriver: chrome on windows (e0972e322fca9cb2ecb74b35104fed93)] -> xpath: //button[normalize-space()='Bank Manager Login']]
2024-07-02 22:07:31 INFO  AddCustomerPage :34 - click on open account[[ChromeDriver: chrome on windows (e0972e322fca9cb2ecb74b35104fed93)] -> xpath: //button[normalize-space()='Open Account']]
2024-07-02 22:07:180 INFO  HomePage :26 - click on bank manager login[[ChromeDriver: chrome on windows (33715012ecc262a5aef71503ba2a9638)] -> xpath: //button[normalize-space()='Bank Manager Login']]
2024-07-02 22:07:685 INFO  AddCustomerPage :34 - click on open account[[ChromeDriver: chrome on windows (33715012ecc262a5aef71503ba2a9638)] -> xpath: //button[normalize-space()='Open Account']]
2024-07-02 22:07:564 INFO  CustomersPage :42 - click on  customer login[[ChromeDriver: chrome on windows (d8c1f3cce226e5b5eb6fe6274767620c)] -> xpath: //button[contains(text(),'Customer Login')]]
2024-07-02 22:07:154 INFO  CustomersPage :47 - select customer harry potter[[ChromeDriver: chrome on windows (d8c1f3cce226e5b5eb6fe6274767620c)] -> id: userSelect]
2024-07-02 22:07:227 INFO  CustomersPage :53 - click on login button[[ChromeDriver: chrome on windows (d8c1f3cce226e5b5eb6fe6274767620c)] -> xpath: //button[contains(text(),'Login')]]
2024-07-02 22:07:772 INFO  CustomersPage :83 - click on deposit button[[ChromeDriver: chrome on windows (d8c1f3cce226e5b5eb6fe6274767620c)] -> xpath: //button[normalize-space()='Deposit']]
2024-07-02 22:07:385 INFO  CustomersPage :94 - enter amount 100[[ChromeDriver: chrome on windows (d8c1f3cce226e5b5eb6fe6274767620c)] -> xpath: //input[@placeholder='amount']]
2024-07-02 22:07:474 INFO  CustomersPage :104 - click on deposit after entering the £100 [[ChromeDriver: chrome on windows (d8c1f3cce226e5b5eb6fe6274767620c)] -> xpath: //button[@type='submit']]
2024-07-02 22:07:495 INFO  CustomersPage :112 - verify deposit successfully[[ChromeDriver: chrome on windows (d8c1f3cce226e5b5eb6fe6274767620c)] -> xpath:  //span[@class='error ng-binding']]
